# JRE version: OpenJDK Runtime Environment (8.0_382-b05) (build 1.8.0_382-b05)
# Java VM: OpenJDK 64-Bit Server VM (25.382-b05 mixed mode windows-amd64 compressed oops)
Heap:
 PSYoungGen      total 45056K, used 15911K [0x00000000eab00000, 0x00000000edd00000, 0x0000000100000000)
  eden space 40448K, 29% used [0x00000000eab00000,0x00000000eb6be350,0x00000000ed280000)
  from space 4608K, 84% used [0x00000000ed780000,0x00000000edb4bbe8,0x00000000edc00000)
  to   space 5120K, 0% used [0x00000000ed280000,0x00000000ed280000,0x00000000ed780000)
 ParOldGen       total 27648K, used 5835K [0x00000000c0000000, 0x00000000c1b00000, 0x00000000eab00000)
  object space 27648K, 21% used [0x00000000c0000000,0x00000000c05b2cc0,0x00000000c1b00000)
 Metaspace       used 15107K, capacity 15374K, committed 15616K, reserved 1062912K
  class space    used 2132K, capacity 2219K, committed 2304K, reserved 1048576K
GC Heap History (10 events):
Event: 2.093 GC heap before
{Heap before GC invocations=2 (full 0):
 PSYoungGen      total 11776K, used 11760K [0x00000000eab00000, 0x00000000eb800000, 0x0000000100000000)
  eden space 10240K, 100% used [0x00000000eab00000,0x00000000eb500000,0x00000000eb500000)
  from space 1536K, 98% used [0x00000000eb500000,0x00000000eb67c010,0x00000000eb680000)
  to   space 1536K, 0% used [0x00000000eb680000,0x00000000eb680000,0x00000000eb800000)
 ParOldGen       total 27648K, used 462K [0x00000000c0000000, 0x00000000c1b00000, 0x00000000eab00000)
  object space 27648K, 1% used [0x00000000c0000000,0x00000000c0073828,0x00000000c1b00000)
 Metaspace       used 7021K, capacity 7112K, committed 7424K, reserved 1056768K
  class space    used 879K, capacity 920K, committed 1024K, reserved 1048576K
Event: 2.098 GC heap after
Heap after GC invocations=2 (full 0):
 PSYoungGen      total 11776K, used 1520K [0x00000000eab00000, 0x00000000eb800000, 0x0000000100000000)
  eden space 10240K, 0% used [0x00000000eab00000,0x00000000eab00000,0x00000000eb500000)
  from space 1536K, 98% used [0x00000000eb680000,0x00000000eb7fc010,0x00000000eb800000)
  to   space 1536K, 0% used [0x00000000eb500000,0x00000000eb500000,0x00000000eb680000)
 ParOldGen       total 27648K, used 1954K [0x00000000c0000000, 0x00000000c1b00000, 0x00000000eab00000)
  object space 27648K, 7% used [0x00000000c0000000,0x00000000c01e8be0,0x00000000c1b00000)
 Metaspace       used 7021K, capacity 7112K, committed 7424K, reserved 1056768K
  class space    used 879K, capacity 920K, committed 1024K, reserved 1048576K
}
Event: 2.320 GC heap before
{Heap before GC invocations=3 (full 0):
 PSYoungGen      total 11776K, used 11760K [0x00000000eab00000, 0x00000000eb800000, 0x0000000100000000)
  eden space 10240K, 100% used [0x00000000eab00000,0x00000000eb500000,0x00000000eb500000)
  from space 1536K, 98% used [0x00000000eb680000,0x00000000eb7fc010,0x00000000eb800000)
  to   space 1536K, 0% used [0x00000000eb500000,0x00000000eb500000,0x00000000eb680000)
 ParOldGen       total 27648K, used 1954K [0x00000000c0000000, 0x00000000c1b00000, 0x00000000eab00000)
  object space 27648K, 7% used [0x00000000c0000000,0x00000000c01e8be0,0x00000000c1b00000)
 Metaspace       used 7175K, capacity 7336K, committed 7424K, reserved 1056768K
  class space    used 887K, capacity 952K, committed 1024K, reserved 1048576K
Event: 2.325 GC heap after
Heap after GC invocations=3 (full 0):
 PSYoungGen      total 11776K, used 1504K [0x00000000eab00000, 0x00000000ec200000, 0x0000000100000000)
  eden space 10240K, 0% used [0x00000000eab00000,0x00000000eab00000,0x00000000eb500000)
  from space 1536K, 97% used [0x00000000eb500000,0x00000000eb678020,0x00000000eb680000)
  to   space 1536K, 0% used [0x00000000ec080000,0x00000000ec080000,0x00000000ec200000)
 ParOldGen       total 27648K, used 2244K [0x00000000c0000000, 0x00000000c1b00000, 0x00000000eab00000)
  object space 27648K, 8% used [0x00000000c0000000,0x00000000c0231180,0x00000000c1b00000)
 Metaspace       used 7175K, capacity 7336K, committed 7424K, reserved 1056768K
  class space    used 887K, capacity 952K, committed 1024K, reserved 1048576K
}
Event: 2.570 GC heap before
{Heap before GC invocations=4 (full 0):
 PSYoungGen      total 11776K, used 11744K [0x00000000eab00000, 0x00000000ec200000, 0x0000000100000000)
  eden space 10240K, 100% used [0x00000000eab00000,0x00000000eb500000,0x00000000eb500000)
  from space 1536K, 97% used [0x00000000eb500000,0x00000000eb678020,0x00000000eb680000)
  to   space 1536K, 0% used [0x00000000ec080000,0x00000000ec080000,0x00000000ec200000)
 ParOldGen       total 27648K, used 2244K [0x00000000c0000000, 0x00000000c1b00000, 0x00000000eab00000)
  object space 27648K, 8% used [0x00000000c0000000,0x00000000c0231180,0x00000000c1b00000)
 Metaspace       used 7347K, capacity 7520K, committed 7680K, reserved 1056768K
  class space    used 911K, capacity 992K, committed 1024K, reserved 1048576K
Event: 2.577 GC heap after
Heap after GC invocations=4 (full 0):
 PSYoungGen      total 22016K, used 1520K [0x00000000eab00000, 0x00000000ec200000, 0x0000000100000000)
  eden space 20480K, 0% used [0x00000000eab00000,0x00000000eab00000,0x00000000ebf00000)
  from space 1536K, 98% used [0x00000000ec080000,0x00000000ec1fc010,0x00000000ec200000)
  to   space 1536K, 0% used [0x00000000ebf00000,0x00000000ebf00000,0x00000000ec080000)
 ParOldGen       total 27648K, used 3104K [0x00000000c0000000, 0x00000000c1b00000, 0x00000000eab00000)
  object space 27648K, 11% used [0x00000000c0000000,0x00000000c03083b8,0x00000000c1b00000)
 Metaspace       used 7347K, capacity 7520K, committed 7680K, reserved 1056768K
  class space    used 911K, capacity 992K, committed 1024K, reserved 1048576K
}
Event: 6.006 GC heap before
{Heap before GC invocations=5 (full 0):
 PSYoungGen      total 22016K, used 22000K [0x00000000eab00000, 0x00000000ec200000, 0x0000000100000000)
  eden space 20480K, 100% used [0x00000000eab00000,0x00000000ebf00000,0x00000000ebf00000)
  from space 1536K, 98% used [0x00000000ec080000,0x00000000ec1fc010,0x00000000ec200000)
  to   space 1536K, 0% used [0x00000000ebf00000,0x00000000ebf00000,0x00000000ec080000)
 ParOldGen       total 27648K, used 3104K [0x00000000c0000000, 0x00000000c1b00000, 0x00000000eab00000)
  object space 27648K, 11% used [0x00000000c0000000,0x00000000c03083b8,0x00000000c1b00000)
 Metaspace       used 11849K, capacity 12200K, committed 12544K, reserved 1060864K
  class space    used 1569K, capacity 1690K, committed 1792K, reserved 1048576K
Event: 6.019 GC heap after
Heap after GC invocations=5 (full 0):
 PSYoungGen      total 22016K, used 1504K [0x00000000eab00000, 0x00000000edc00000, 0x0000000100000000)
  eden space 20480K, 0% used [0x00000000eab00000,0x00000000eab00000,0x00000000ebf00000)
  from space 1536K, 97% used [0x00000000ebf00000,0x00000000ec078020,0x00000000ec080000)
  to   space 4608K, 0% used [0x00000000ed780000,0x00000000ed780000,0x00000000edc00000)
 ParOldGen       total 27648K, used 5835K [0x00000000c0000000, 0x00000000c1b00000, 0x00000000eab00000)
  object space 27648K, 21% used [0x00000000c0000000,0x00000000c05b2cc0,0x00000000c1b00000)
 Metaspace       used 11849K, capacity 12200K, committed 12544K, reserved 1060864K
  class space    used 1569K, capacity 1690K, committed 1792K, reserved 1048576K
}
Event: 6.729 GC heap before
{Heap before GC invocations=6 (full 0):
 PSYoungGen      total 22016K, used 21984K [0x00000000eab00000, 0x00000000edc00000, 0x0000000100000000)
  eden space 20480K, 100% used [0x00000000eab00000,0x00000000ebf00000,0x00000000ebf00000)
  from space 1536K, 97% used [0x00000000ebf00000,0x00000000ec078020,0x00000000ec080000)
  to   space 4608K, 0% used [0x00000000ed780000,0x00000000ed780000,0x00000000edc00000)
 ParOldGen       total 27648K, used 5835K [0x00000000c0000000, 0x00000000c1b00000, 0x00000000eab00000)
  object space 27648K, 21% used [0x00000000c0000000,0x00000000c05b2cc0,0x00000000c1b00000)
 Metaspace       used 13678K, capacity 13966K, committed 14080K, reserved 1060864K
  class space    used 1909K, capacity 2027K, committed 2048K, reserved 1048576K
Event: 6.742 GC heap after
Heap after GC invocations=6 (full 0):
 PSYoungGen      total 45056K, used 3886K [0x00000000eab00000, 0x00000000edd00000, 0x0000000100000000)
  eden space 40448K, 0% used [0x00000000eab00000,0x00000000eab00000,0x00000000ed280000)
  from space 4608K, 84% used [0x00000000ed780000,0x00000000edb4bbe8,0x00000000edc00000)
  to   space 5120K, 0% used [0x00000000ed280000,0x00000000ed280000,0x00000000ed780000)
 ParOldGen       total 27648K, used 5835K [0x00000000c0000000, 0x00000000c1b00000, 0x00000000eab00000)
  object space 27648K, 21% used [0x00000000c0000000,0x00000000c05b2cc0,0x00000000c1b00000)
 Metaspace       used 13678K, capacity 13966K, committed 14080K, reserved 1060864K
  class space    used 1909K, capacity 2027K, committed 2048K, reserved 1048576K
}

